2023-03-30 10:25:52.633  INFO 25552 --- [main] c.p.springboot.rest.RestApplication      : Starting RestApplication using Java 11.0.3 on LTIN324482 with PID 25552 (C:\Users\674785\Downloads\SBProfile\RestActuators\target\classes started by 674785 in C:\Users\674785\Downloads\SBProfile\RestActuators)
2023-03-30 10:25:52.651 DEBUG 25552 --- [main] c.p.springboot.rest.RestApplication      : Running with Spring Boot v2.7.9, Spring v5.3.25
2023-03-30 10:25:52.653  INFO 25552 --- [main] c.p.springboot.rest.RestApplication      : No active profile set, falling back to 1 default profile: "default"
2023-03-30 10:25:54.813  INFO 25552 --- [main] o.apache.catalina.core.StandardService   : Starting service [Tomcat]
2023-03-30 10:25:54.815  INFO 25552 --- [main] org.apache.catalina.core.StandardEngine  : Starting Servlet engine: [Apache Tomcat/9.0.71]
2023-03-30 10:25:55.025  INFO 25552 --- [main] o.a.c.c.C.[.[localhost].[/pratik]        : Initializing Spring embedded WebApplicationContext
2023-03-30 10:25:55.326  INFO 25552 --- [main] com.zaxxer.hikari.HikariDataSource       : HikariPool-1 - Starting...
2023-03-30 10:25:55.723  INFO 25552 --- [main] com.zaxxer.hikari.HikariDataSource       : HikariPool-1 - Start completed.
2023-03-30 10:25:55.806  INFO 25552 --- [main] o.hibernate.jpa.internal.util.LogHelper  : HHH000204: Processing PersistenceUnitInfo [name: default]
2023-03-30 10:25:55.925  INFO 25552 --- [main] org.hibernate.Version                    : HHH000412: Hibernate ORM core version 5.6.15.Final
2023-03-30 10:25:56.226  INFO 25552 --- [main] o.hibernate.annotations.common.Version   : HCANN000001: Hibernate Commons Annotations {5.1.2.Final}
2023-03-30 10:25:56.478  INFO 25552 --- [main] org.hibernate.dialect.Dialect            : HHH000400: Using dialect: org.hibernate.dialect.H2Dialect
2023-03-30 10:25:57.346  INFO 25552 --- [main] o.h.e.t.j.p.i.JtaPlatformInitiator       : HHH000490: Using JtaPlatform implementation: [org.hibernate.engine.transaction.jta.platform.internal.NoJtaPlatform]
2023-03-30 10:25:58.344  INFO 25552 --- [main] c.p.springboot.rest.RestApplication      : Started RestApplication in 6.495 seconds (JVM running for 7.402)
2023-03-30 10:26:22.698  INFO 25552 --- [http-nio-8080-exec-1] o.a.c.c.C.[.[localhost].[/pratik]        : Initializing Spring DispatcherServlet 'dispatcherServlet'
2023-03-30 10:27:33.031  INFO 25552 --- [http-nio-8080-exec-9] o.apache.coyote.http11.Http11Processor   : Error parsing HTTP request header
 Note: further occurrences of HTTP request parsing errors will be logged at DEBUG level.

java.lang.IllegalArgumentException: Invalid character found in method name [0x160x030x010x020x000x010x000x010xfc0x030x030xa4.0xa6)0xfc0xfeK0xc85e60x020xbe%0xa50x0a0xb0!X80xf60xcde0xa60xa7I0xafQ0xca0x180xcb0xeb ]. HTTP method names must be tokens
	at org.apache.coyote.http11.Http11InputBuffer.parseRequestLine(Http11InputBuffer.java:419) ~[tomcat-embed-core-9.0.71.jar:9.0.71]
	at org.apache.coyote.http11.Http11Processor.service(Http11Processor.java:271) ~[tomcat-embed-core-9.0.71.jar:9.0.71]
	at org.apache.coyote.AbstractProcessorLight.process(AbstractProcessorLight.java:65) ~[tomcat-embed-core-9.0.71.jar:9.0.71]
	at org.apache.coyote.AbstractProtocol$ConnectionHandler.process(AbstractProtocol.java:891) ~[tomcat-embed-core-9.0.71.jar:9.0.71]
	at org.apache.tomcat.util.net.NioEndpoint$SocketProcessor.doRun(NioEndpoint.java:1784) ~[tomcat-embed-core-9.0.71.jar:9.0.71]
	at org.apache.tomcat.util.net.SocketProcessorBase.run(SocketProcessorBase.java:49) ~[tomcat-embed-core-9.0.71.jar:9.0.71]
	at org.apache.tomcat.util.threads.ThreadPoolExecutor.runWorker(ThreadPoolExecutor.java:1191) ~[tomcat-embed-core-9.0.71.jar:9.0.71]
	at org.apache.tomcat.util.threads.ThreadPoolExecutor$Worker.run(ThreadPoolExecutor.java:659) ~[tomcat-embed-core-9.0.71.jar:9.0.71]
	at org.apache.tomcat.util.threads.TaskThread$WrappingRunnable.run(TaskThread.java:61) ~[tomcat-embed-core-9.0.71.jar:9.0.71]
	at java.base/java.lang.Thread.run(Thread.java:834) ~[na:na]

2023-03-30 10:28:29.577  INFO 25552 --- [SpringApplicationShutdownHook] .SchemaDropperImpl$DelayedDropActionImpl : HHH000477: Starting delayed evictData of schema as part of SessionFactory shut-down'
2023-03-30 10:28:29.624  INFO 25552 --- [SpringApplicationShutdownHook] com.zaxxer.hikari.HikariDataSource       : HikariPool-1 - Shutdown initiated...
2023-03-30 10:28:29.632  INFO 25552 --- [SpringApplicationShutdownHook] com.zaxxer.hikari.HikariDataSource       : HikariPool-1 - Shutdown completed.
2023-03-30 10:28:59.950  INFO 10916 --- [main] c.p.s.rest.RestApplicationTests          : Starting RestApplicationTests using Java 11.0.3 on LTIN324482 with PID 10916 (started by 674785 in C:\Users\674785\Downloads\SBProfile\RestActuators)
2023-03-30 10:28:59.951 DEBUG 10916 --- [main] c.p.s.rest.RestApplicationTests          : Running with Spring Boot v2.7.9, Spring v5.3.25
2023-03-30 10:28:59.952  INFO 10916 --- [main] c.p.s.rest.RestApplicationTests          : No active profile set, falling back to 1 default profile: "default"
2023-03-30 10:29:02.352  INFO 10916 --- [main] com.zaxxer.hikari.HikariDataSource       : HikariPool-1 - Starting...
2023-03-30 10:29:02.720  INFO 10916 --- [main] com.zaxxer.hikari.HikariDataSource       : HikariPool-1 - Start completed.
2023-03-30 10:29:02.817  INFO 10916 --- [main] o.hibernate.jpa.internal.util.LogHelper  : HHH000204: Processing PersistenceUnitInfo [name: default]
2023-03-30 10:29:02.915  INFO 10916 --- [main] org.hibernate.Version                    : HHH000412: Hibernate ORM core version 5.6.15.Final
2023-03-30 10:29:03.199  INFO 10916 --- [main] o.hibernate.annotations.common.Version   : HCANN000001: Hibernate Commons Annotations {5.1.2.Final}
2023-03-30 10:29:03.449  INFO 10916 --- [main] org.hibernate.dialect.Dialect            : HHH000400: Using dialect: org.hibernate.dialect.H2Dialect
2023-03-30 10:29:04.315  INFO 10916 --- [main] o.h.e.t.j.p.i.JtaPlatformInitiator       : HHH000490: Using JtaPlatform implementation: [org.hibernate.engine.transaction.jta.platform.internal.NoJtaPlatform]
2023-03-30 10:29:06.638  INFO 10916 --- [main] c.p.s.rest.RestApplicationTests          : Started RestApplicationTests in 7.149 seconds (JVM running for 8.768)
2023-03-30 10:29:15.837  INFO 10916 --- [SpringApplicationShutdownHook] .SchemaDropperImpl$DelayedDropActionImpl : HHH000477: Starting delayed evictData of schema as part of SessionFactory shut-down'
2023-03-30 10:29:15.849  INFO 10916 --- [SpringApplicationShutdownHook] com.zaxxer.hikari.HikariDataSource       : HikariPool-1 - Shutdown initiated...
2023-03-30 10:29:15.858  INFO 10916 --- [SpringApplicationShutdownHook] com.zaxxer.hikari.HikariDataSource       : HikariPool-1 - Shutdown completed.
2023-03-30 10:30:02.334  INFO 23800 --- [main] c.p.s.rest.RestApplicationTests          : Starting RestApplicationTests using Java 11.0.3 on LTIN324482 with PID 23800 (started by 674785 in C:\Users\674785\Downloads\SBProfile\RestActuators)
2023-03-30 10:30:02.336 DEBUG 23800 --- [main] c.p.s.rest.RestApplicationTests          : Running with Spring Boot v2.7.9, Spring v5.3.25
2023-03-30 10:30:02.337  INFO 23800 --- [main] c.p.s.rest.RestApplicationTests          : No active profile set, falling back to 1 default profile: "default"
2023-03-30 10:30:04.648  INFO 23800 --- [main] com.zaxxer.hikari.HikariDataSource       : HikariPool-1 - Starting...
2023-03-30 10:30:05.029  INFO 23800 --- [main] com.zaxxer.hikari.HikariDataSource       : HikariPool-1 - Start completed.
2023-03-30 10:30:05.153  INFO 23800 --- [main] o.hibernate.jpa.internal.util.LogHelper  : HHH000204: Processing PersistenceUnitInfo [name: default]
2023-03-30 10:30:05.296  INFO 23800 --- [main] org.hibernate.Version                    : HHH000412: Hibernate ORM core version 5.6.15.Final
2023-03-30 10:30:05.692  INFO 23800 --- [main] o.hibernate.annotations.common.Version   : HCANN000001: Hibernate Commons Annotations {5.1.2.Final}
2023-03-30 10:30:06.018  INFO 23800 --- [main] org.hibernate.dialect.Dialect            : HHH000400: Using dialect: org.hibernate.dialect.H2Dialect
2023-03-30 10:30:06.863  INFO 23800 --- [main] o.h.e.t.j.p.i.JtaPlatformInitiator       : HHH000490: Using JtaPlatform implementation: [org.hibernate.engine.transaction.jta.platform.internal.NoJtaPlatform]
2023-03-30 10:30:09.154  INFO 23800 --- [main] c.p.s.rest.RestApplicationTests          : Started RestApplicationTests in 7.282 seconds (JVM running for 8.609)
2023-03-30 10:30:18.261  INFO 23800 --- [SpringApplicationShutdownHook] .SchemaDropperImpl$DelayedDropActionImpl : HHH000477: Starting delayed evictData of schema as part of SessionFactory shut-down'
2023-03-30 10:30:18.291  INFO 23800 --- [SpringApplicationShutdownHook] com.zaxxer.hikari.HikariDataSource       : HikariPool-1 - Shutdown initiated...
2023-03-30 10:30:18.298  INFO 23800 --- [SpringApplicationShutdownHook] com.zaxxer.hikari.HikariDataSource       : HikariPool-1 - Shutdown completed.
2023-03-30 10:30:29.779  INFO 2200 --- [main] c.p.springboot.rest.RestApplication      : Starting RestApplication using Java 11.0.3 on LTIN324482 with PID 2200 (C:\Users\674785\Downloads\SBProfile\RestActuators\target\classes started by 674785 in C:\Users\674785\Downloads\SBProfile\RestActuators)
2023-03-30 10:30:29.782 DEBUG 2200 --- [main] c.p.springboot.rest.RestApplication      : Running with Spring Boot v2.7.9, Spring v5.3.25
2023-03-30 10:30:29.783  INFO 2200 --- [main] c.p.springboot.rest.RestApplication      : No active profile set, falling back to 1 default profile: "default"
2023-03-30 10:30:32.085  INFO 2200 --- [main] o.apache.catalina.core.StandardService   : Starting service [Tomcat]
2023-03-30 10:30:32.086  INFO 2200 --- [main] org.apache.catalina.core.StandardEngine  : Starting Servlet engine: [Apache Tomcat/9.0.71]
2023-03-30 10:30:32.244  INFO 2200 --- [main] o.a.c.c.C.[.[localhost].[/pratik]        : Initializing Spring embedded WebApplicationContext
2023-03-30 10:30:32.688  INFO 2200 --- [main] com.zaxxer.hikari.HikariDataSource       : HikariPool-1 - Starting...
2023-03-30 10:30:33.084  INFO 2200 --- [main] com.zaxxer.hikari.HikariDataSource       : HikariPool-1 - Start completed.
2023-03-30 10:30:33.167  INFO 2200 --- [main] o.hibernate.jpa.internal.util.LogHelper  : HHH000204: Processing PersistenceUnitInfo [name: default]
2023-03-30 10:30:33.252  INFO 2200 --- [main] org.hibernate.Version                    : HHH000412: Hibernate ORM core version 5.6.15.Final
2023-03-30 10:30:33.516  INFO 2200 --- [main] o.hibernate.annotations.common.Version   : HCANN000001: Hibernate Commons Annotations {5.1.2.Final}
2023-03-30 10:30:33.726  INFO 2200 --- [main] org.hibernate.dialect.Dialect            : HHH000400: Using dialect: org.hibernate.dialect.H2Dialect
2023-03-30 10:30:34.647  INFO 2200 --- [main] o.h.e.t.j.p.i.JtaPlatformInitiator       : HHH000490: Using JtaPlatform implementation: [org.hibernate.engine.transaction.jta.platform.internal.NoJtaPlatform]
2023-03-30 10:30:35.889  INFO 2200 --- [main] c.p.springboot.rest.RestApplication      : Started RestApplication in 6.683 seconds (JVM running for 7.718)
2023-03-30 10:30:41.082  INFO 2200 --- [http-nio-8080-exec-3] o.a.c.c.C.[.[localhost].[/pratik]        : Initializing Spring DispatcherServlet 'dispatcherServlet'
2023-03-30 10:33:19.555  INFO 2200 --- [SpringApplicationShutdownHook] .SchemaDropperImpl$DelayedDropActionImpl : HHH000477: Starting delayed evictData of schema as part of SessionFactory shut-down'
2023-03-30 10:33:19.565  INFO 2200 --- [SpringApplicationShutdownHook] com.zaxxer.hikari.HikariDataSource       : HikariPool-1 - Shutdown initiated...
2023-03-30 10:33:19.573  INFO 2200 --- [SpringApplicationShutdownHook] com.zaxxer.hikari.HikariDataSource       : HikariPool-1 - Shutdown completed.
2023-03-30 10:33:25.725  INFO 19512 --- [main] c.p.springboot.rest.RestApplication      : Starting RestApplication using Java 11.0.3 on LTIN324482 with PID 19512 (C:\Users\674785\Downloads\SBProfile\RestActuators\target\classes started by 674785 in C:\Users\674785\Downloads\SBProfile\RestActuators)
2023-03-30 10:33:25.733 DEBUG 19512 --- [main] c.p.springboot.rest.RestApplication      : Running with Spring Boot v2.7.9, Spring v5.3.25
2023-03-30 10:33:25.735  INFO 19512 --- [main] c.p.springboot.rest.RestApplication      : No active profile set, falling back to 1 default profile: "default"
2023-03-30 10:33:28.418  INFO 19512 --- [main] o.apache.catalina.core.StandardService   : Starting service [Tomcat]
2023-03-30 10:33:28.419  INFO 19512 --- [main] org.apache.catalina.core.StandardEngine  : Starting Servlet engine: [Apache Tomcat/9.0.71]
2023-03-30 10:33:28.615  INFO 19512 --- [main] o.a.c.c.C.[.[localhost].[/pratik]        : Initializing Spring embedded WebApplicationContext
2023-03-30 10:33:29.141  INFO 19512 --- [main] com.zaxxer.hikari.HikariDataSource       : HikariPool-1 - Starting...
2023-03-30 10:33:29.465  INFO 19512 --- [main] com.zaxxer.hikari.HikariDataSource       : HikariPool-1 - Start completed.
2023-03-30 10:33:29.548  INFO 19512 --- [main] o.hibernate.jpa.internal.util.LogHelper  : HHH000204: Processing PersistenceUnitInfo [name: default]
2023-03-30 10:33:29.648  INFO 19512 --- [main] org.hibernate.Version                    : HHH000412: Hibernate ORM core version 5.6.15.Final
2023-03-30 10:33:29.946  INFO 19512 --- [main] o.hibernate.annotations.common.Version   : HCANN000001: Hibernate Commons Annotations {5.1.2.Final}
2023-03-30 10:33:30.179  INFO 19512 --- [main] org.hibernate.dialect.Dialect            : HHH000400: Using dialect: org.hibernate.dialect.H2Dialect
2023-03-30 10:33:31.149  INFO 19512 --- [main] o.h.e.t.j.p.i.JtaPlatformInitiator       : HHH000490: Using JtaPlatform implementation: [org.hibernate.engine.transaction.jta.platform.internal.NoJtaPlatform]
2023-03-30 10:33:32.519  INFO 19512 --- [main] c.p.springboot.rest.RestApplication      : Started RestApplication in 7.778 seconds (JVM running for 8.735)
2023-03-30 10:33:37.623  INFO 19512 --- [http-nio-8080-exec-1] o.a.c.c.C.[.[localhost].[/pratik]        : Initializing Spring DispatcherServlet 'dispatcherServlet'
2023-03-30 10:34:16.913  INFO 19512 --- [SpringApplicationShutdownHook] .SchemaDropperImpl$DelayedDropActionImpl : HHH000477: Starting delayed evictData of schema as part of SessionFactory shut-down'
2023-03-30 10:34:16.922  INFO 19512 --- [SpringApplicationShutdownHook] com.zaxxer.hikari.HikariDataSource       : HikariPool-1 - Shutdown initiated...
2023-03-30 10:34:16.928  INFO 19512 --- [SpringApplicationShutdownHook] com.zaxxer.hikari.HikariDataSource       : HikariPool-1 - Shutdown completed.
2023-03-30 10:34:23.432  INFO 17512 --- [main] c.p.springboot.rest.RestApplication      : Starting RestApplication using Java 11.0.3 on LTIN324482 with PID 17512 (C:\Users\674785\Downloads\SBProfile\RestActuators\target\classes started by 674785 in C:\Users\674785\Downloads\SBProfile\RestActuators)
2023-03-30 10:34:23.436 DEBUG 17512 --- [main] c.p.springboot.rest.RestApplication      : Running with Spring Boot v2.7.9, Spring v5.3.25
2023-03-30 10:34:23.437  INFO 17512 --- [main] c.p.springboot.rest.RestApplication      : No active profile set, falling back to 1 default profile: "default"
2023-03-30 10:34:26.164  INFO 17512 --- [main] o.apache.catalina.core.StandardService   : Starting service [Tomcat]
2023-03-30 10:34:26.165  INFO 17512 --- [main] org.apache.catalina.core.StandardEngine  : Starting Servlet engine: [Apache Tomcat/9.0.71]
2023-03-30 10:34:26.305  INFO 17512 --- [main] o.a.c.c.C.[.[localhost].[/pratik]        : Initializing Spring embedded WebApplicationContext
2023-03-30 10:34:26.710  INFO 17512 --- [main] com.zaxxer.hikari.HikariDataSource       : HikariPool-1 - Starting...
2023-03-30 10:34:27.049  INFO 17512 --- [main] com.zaxxer.hikari.HikariDataSource       : HikariPool-1 - Start completed.
2023-03-30 10:34:27.132  INFO 17512 --- [main] o.hibernate.jpa.internal.util.LogHelper  : HHH000204: Processing PersistenceUnitInfo [name: default]
2023-03-30 10:34:27.216  INFO 17512 --- [main] org.hibernate.Version                    : HHH000412: Hibernate ORM core version 5.6.15.Final
2023-03-30 10:34:27.480  INFO 17512 --- [main] o.hibernate.annotations.common.Version   : HCANN000001: Hibernate Commons Annotations {5.1.2.Final}
2023-03-30 10:34:27.646  INFO 17512 --- [main] org.hibernate.dialect.Dialect            : HHH000400: Using dialect: org.hibernate.dialect.H2Dialect
2023-03-30 10:34:28.442  INFO 17512 --- [main] o.h.e.t.j.p.i.JtaPlatformInitiator       : HHH000490: Using JtaPlatform implementation: [org.hibernate.engine.transaction.jta.platform.internal.NoJtaPlatform]
2023-03-30 10:34:29.551  INFO 17512 --- [main] c.p.springboot.rest.RestApplication      : Started RestApplication in 7.038 seconds (JVM running for 7.87)
2023-03-30 10:34:33.476  INFO 17512 --- [http-nio-8080-exec-1] o.a.c.c.C.[.[localhost].[/pratik]        : Initializing Spring DispatcherServlet 'dispatcherServlet'
2023-03-30 10:36:26.551  INFO 17512 --- [SpringApplicationShutdownHook] .SchemaDropperImpl$DelayedDropActionImpl : HHH000477: Starting delayed evictData of schema as part of SessionFactory shut-down'
2023-03-30 10:36:26.563  INFO 17512 --- [SpringApplicationShutdownHook] com.zaxxer.hikari.HikariDataSource       : HikariPool-1 - Shutdown initiated...
2023-03-30 10:36:26.571  INFO 17512 --- [SpringApplicationShutdownHook] com.zaxxer.hikari.HikariDataSource       : HikariPool-1 - Shutdown completed.
2023-03-30 10:36:33.088  INFO 26620 --- [main] c.p.springboot.rest.RestApplication      : Starting RestApplication using Java 11.0.3 on LTIN324482 with PID 26620 (C:\Users\674785\Downloads\SBProfile\RestActuators\target\classes started by 674785 in C:\Users\674785\Downloads\SBProfile\RestActuators)
2023-03-30 10:36:33.097 DEBUG 26620 --- [main] c.p.springboot.rest.RestApplication      : Running with Spring Boot v2.7.9, Spring v5.3.25
2023-03-30 10:36:33.098  INFO 26620 --- [main] c.p.springboot.rest.RestApplication      : No active profile set, falling back to 1 default profile: "default"
2023-03-30 10:36:35.744  INFO 26620 --- [main] o.apache.catalina.core.StandardService   : Starting service [Tomcat]
2023-03-30 10:36:35.745  INFO 26620 --- [main] org.apache.catalina.core.StandardEngine  : Starting Servlet engine: [Apache Tomcat/9.0.71]
2023-03-30 10:36:35.923  INFO 26620 --- [main] o.a.c.c.C.[.[localhost].[/pratik]        : Initializing Spring embedded WebApplicationContext
2023-03-30 10:36:36.399  INFO 26620 --- [main] com.zaxxer.hikari.HikariDataSource       : HikariPool-1 - Starting...
2023-03-30 10:36:36.750  INFO 26620 --- [main] com.zaxxer.hikari.HikariDataSource       : HikariPool-1 - Start completed.
2023-03-30 10:36:36.840  INFO 26620 --- [main] o.hibernate.jpa.internal.util.LogHelper  : HHH000204: Processing PersistenceUnitInfo [name: default]
2023-03-30 10:36:36.929  INFO 26620 --- [main] org.hibernate.Version                    : HHH000412: Hibernate ORM core version 5.6.15.Final
2023-03-30 10:36:37.230  INFO 26620 --- [main] o.hibernate.annotations.common.Version   : HCANN000001: Hibernate Commons Annotations {5.1.2.Final}
2023-03-30 10:36:37.439  INFO 26620 --- [main] org.hibernate.dialect.Dialect            : HHH000400: Using dialect: org.hibernate.dialect.H2Dialect
2023-03-30 10:36:38.323  INFO 26620 --- [main] o.h.e.t.j.p.i.JtaPlatformInitiator       : HHH000490: Using JtaPlatform implementation: [org.hibernate.engine.transaction.jta.platform.internal.NoJtaPlatform]
2023-03-30 10:36:39.448  INFO 26620 --- [main] c.p.springboot.rest.RestApplication      : Started RestApplication in 7.294 seconds (JVM running for 8.125)
2023-03-30 10:36:46.287  INFO 26620 --- [http-nio-8080-exec-1] o.a.c.c.C.[.[localhost].[/pratik]        : Initializing Spring DispatcherServlet 'dispatcherServlet'
2023-03-30 10:38:48.480  INFO 26620 --- [SpringApplicationShutdownHook] .SchemaDropperImpl$DelayedDropActionImpl : HHH000477: Starting delayed evictData of schema as part of SessionFactory shut-down'
2023-03-30 10:38:48.495  INFO 26620 --- [SpringApplicationShutdownHook] com.zaxxer.hikari.HikariDataSource       : HikariPool-1 - Shutdown initiated...
2023-03-30 10:38:48.507  INFO 26620 --- [SpringApplicationShutdownHook] com.zaxxer.hikari.HikariDataSource       : HikariPool-1 - Shutdown completed.
2023-03-30 10:38:54.762  INFO 9920 --- [main] c.p.springboot.rest.RestApplication      : Starting RestApplication using Java 11.0.3 on LTIN324482 with PID 9920 (C:\Users\674785\Downloads\SBProfile\RestActuators\target\classes started by 674785 in C:\Users\674785\Downloads\SBProfile\RestActuators)
2023-03-30 10:38:54.767 DEBUG 9920 --- [main] c.p.springboot.rest.RestApplication      : Running with Spring Boot v2.7.9, Spring v5.3.25
2023-03-30 10:38:54.768  INFO 9920 --- [main] c.p.springboot.rest.RestApplication      : No active profile set, falling back to 1 default profile: "default"
2023-03-30 10:38:57.624  INFO 9920 --- [main] o.apache.catalina.core.StandardService   : Starting service [Tomcat]
2023-03-30 10:38:57.624  INFO 9920 --- [main] org.apache.catalina.core.StandardEngine  : Starting Servlet engine: [Apache Tomcat/9.0.71]
2023-03-30 10:38:57.772  INFO 9920 --- [main] o.a.c.c.C.[.[localhost].[/pratik]        : Initializing Spring embedded WebApplicationContext
2023-03-30 10:38:58.161  INFO 9920 --- [main] com.zaxxer.hikari.HikariDataSource       : HikariPool-1 - Starting...
2023-03-30 10:38:58.543  INFO 9920 --- [main] com.zaxxer.hikari.HikariDataSource       : HikariPool-1 - Start completed.
2023-03-30 10:38:58.628  INFO 9920 --- [main] o.hibernate.jpa.internal.util.LogHelper  : HHH000204: Processing PersistenceUnitInfo [name: default]
2023-03-30 10:38:58.715  INFO 9920 --- [main] org.hibernate.Version                    : HHH000412: Hibernate ORM core version 5.6.15.Final
2023-03-30 10:38:58.960  INFO 9920 --- [main] o.hibernate.annotations.common.Version   : HCANN000001: Hibernate Commons Annotations {5.1.2.Final}
2023-03-30 10:38:59.282  INFO 9920 --- [main] org.hibernate.dialect.Dialect            : HHH000400: Using dialect: org.hibernate.dialect.H2Dialect
2023-03-30 10:39:00.054  INFO 9920 --- [main] o.h.e.t.j.p.i.JtaPlatformInitiator       : HHH000490: Using JtaPlatform implementation: [org.hibernate.engine.transaction.jta.platform.internal.NoJtaPlatform]
2023-03-30 10:39:01.173  INFO 9920 --- [main] c.p.springboot.rest.RestApplication      : Started RestApplication in 7.276 seconds (JVM running for 8.179)
2023-03-30 10:39:07.561  INFO 9920 --- [http-nio-8080-exec-3] o.a.c.c.C.[.[localhost].[/pratik]        : Initializing Spring DispatcherServlet 'dispatcherServlet'
2023-03-30 10:41:10.876  INFO 9920 --- [SpringApplicationShutdownHook] .SchemaDropperImpl$DelayedDropActionImpl : HHH000477: Starting delayed evictData of schema as part of SessionFactory shut-down'
2023-03-30 10:41:10.885  INFO 9920 --- [SpringApplicationShutdownHook] com.zaxxer.hikari.HikariDataSource       : HikariPool-1 - Shutdown initiated...
2023-03-30 10:41:10.891  INFO 9920 --- [SpringApplicationShutdownHook] com.zaxxer.hikari.HikariDataSource       : HikariPool-1 - Shutdown completed.
2023-03-30 10:41:19.415  INFO 10236 --- [main] c.p.springboot.rest.RestApplication      : Starting RestApplication using Java 11.0.3 on LTIN324482 with PID 10236 (C:\Users\674785\Downloads\SBProfile\RestActuators\target\classes started by 674785 in C:\Users\674785\Downloads\SBProfile\RestActuators)
2023-03-30 10:41:19.419 DEBUG 10236 --- [main] c.p.springboot.rest.RestApplication      : Running with Spring Boot v2.7.9, Spring v5.3.25
2023-03-30 10:41:19.420  INFO 10236 --- [main] c.p.springboot.rest.RestApplication      : No active profile set, falling back to 1 default profile: "default"
2023-03-30 10:41:21.716  INFO 10236 --- [main] o.apache.catalina.core.StandardService   : Starting service [Tomcat]
2023-03-30 10:41:21.717  INFO 10236 --- [main] org.apache.catalina.core.StandardEngine  : Starting Servlet engine: [Apache Tomcat/9.0.71]
2023-03-30 10:41:21.905  INFO 10236 --- [main] o.a.c.c.C.[.[localhost].[/pratik]        : Initializing Spring embedded WebApplicationContext
2023-03-30 10:41:22.318  INFO 10236 --- [main] com.zaxxer.hikari.HikariDataSource       : HikariPool-1 - Starting...
2023-03-30 10:41:22.678  INFO 10236 --- [main] com.zaxxer.hikari.HikariDataSource       : HikariPool-1 - Start completed.
2023-03-30 10:41:22.769  INFO 10236 --- [main] o.hibernate.jpa.internal.util.LogHelper  : HHH000204: Processing PersistenceUnitInfo [name: default]
2023-03-30 10:41:22.862  INFO 10236 --- [main] org.hibernate.Version                    : HHH000412: Hibernate ORM core version 5.6.15.Final
2023-03-30 10:41:23.127  INFO 10236 --- [main] o.hibernate.annotations.common.Version   : HCANN000001: Hibernate Commons Annotations {5.1.2.Final}
2023-03-30 10:41:23.363  INFO 10236 --- [main] org.hibernate.dialect.Dialect            : HHH000400: Using dialect: org.hibernate.dialect.H2Dialect
2023-03-30 10:41:24.182  INFO 10236 --- [main] o.h.e.t.j.p.i.JtaPlatformInitiator       : HHH000490: Using JtaPlatform implementation: [org.hibernate.engine.transaction.jta.platform.internal.NoJtaPlatform]
2023-03-30 10:41:25.508  INFO 10236 --- [main] c.p.springboot.rest.RestApplication      : Started RestApplication in 6.69 seconds (JVM running for 7.263)
2023-03-30 10:41:29.660  INFO 10236 --- [http-nio-8080-exec-1] o.a.c.c.C.[.[localhost].[/pratik]        : Initializing Spring DispatcherServlet 'dispatcherServlet'
2023-03-30 10:54:51.435  INFO 8904 --- [main] c.p.s.rest.RestApplicationTests          : Starting RestApplicationTests using Java 11.0.3 on LTIN324482 with PID 8904 (started by 674785 in C:\Users\674785\Downloads\SBProfile\RestActuators)
2023-03-30 10:54:51.438 DEBUG 8904 --- [main] c.p.s.rest.RestApplicationTests          : Running with Spring Boot v2.7.9, Spring v5.3.25
2023-03-30 10:54:51.441  INFO 8904 --- [main] c.p.s.rest.RestApplicationTests          : No active profile set, falling back to 1 default profile: "default"
2023-03-30 10:54:54.121  INFO 8904 --- [main] com.zaxxer.hikari.HikariDataSource       : HikariPool-1 - Starting...
2023-03-30 10:54:54.428  INFO 8904 --- [main] com.zaxxer.hikari.HikariDataSource       : HikariPool-1 - Start completed.
2023-03-30 10:54:54.528  INFO 8904 --- [main] o.hibernate.jpa.internal.util.LogHelper  : HHH000204: Processing PersistenceUnitInfo [name: default]
2023-03-30 10:54:54.628  INFO 8904 --- [main] org.hibernate.Version                    : HHH000412: Hibernate ORM core version 5.6.15.Final
2023-03-30 10:54:54.945  INFO 8904 --- [main] o.hibernate.annotations.common.Version   : HCANN000001: Hibernate Commons Annotations {5.1.2.Final}
2023-03-30 10:54:55.190  INFO 8904 --- [main] org.hibernate.dialect.Dialect            : HHH000400: Using dialect: org.hibernate.dialect.H2Dialect
2023-03-30 10:54:56.071  INFO 8904 --- [main] o.h.e.t.j.p.i.JtaPlatformInitiator       : HHH000490: Using JtaPlatform implementation: [org.hibernate.engine.transaction.jta.platform.internal.NoJtaPlatform]
2023-03-30 10:54:58.376  INFO 8904 --- [main] c.p.s.rest.RestApplicationTests          : Started RestApplicationTests in 7.405 seconds (JVM running for 9.599)
2023-03-30 10:54:58.970  INFO 10236 --- [http-nio-8080-exec-6] c.p.s.r.c.ProductRestController          : Finding product by ID4
2023-03-30 10:54:59.061 ERROR 10236 --- [http-nio-8080-exec-6] o.a.c.c.C.[.[.[.[dispatcherServlet]      : Servlet.service() for servlet [dispatcherServlet] in context with path [/pratik] threw exception [Request processing failed; nested exception is java.util.NoSuchElementException: No value present] with root cause

java.util.NoSuchElementException: No value present
	at java.base/java.util.Optional.get(Optional.java:148) ~[na:na]
	at com.pratik.springboot.rest.controller.ProductRestController.getProductById(ProductRestController.java:29) ~[classes/:na]
	at java.base/jdk.internal.reflect.NativeMethodAccessorImpl.invoke0(Native Method) ~[na:na]
	at java.base/jdk.internal.reflect.NativeMethodAccessorImpl.invoke(NativeMethodAccessorImpl.java:62) ~[na:na]
	at java.base/jdk.internal.reflect.DelegatingMethodAccessorImpl.invoke(DelegatingMethodAccessorImpl.java:43) ~[na:na]
	at java.base/java.lang.reflect.Method.invoke(Method.java:566) ~[na:na]
	at org.springframework.web.method.support.InvocableHandlerMethod.doInvoke(InvocableHandlerMethod.java:205) ~[spring-web-5.3.25.jar:5.3.25]
	at org.springframework.web.method.support.InvocableHandlerMethod.invokeForRequest(InvocableHandlerMethod.java:150) ~[spring-web-5.3.25.jar:5.3.25]
	at org.springframework.web.servlet.mvc.method.annotation.ServletInvocableHandlerMethod.invokeAndHandle(ServletInvocableHandlerMethod.java:117) ~[spring-webmvc-5.3.25.jar:5.3.25]
	at org.springframework.web.servlet.mvc.method.annotation.RequestMappingHandlerAdapter.invokeHandlerMethod(RequestMappingHandlerAdapter.java:895) ~[spring-webmvc-5.3.25.jar:5.3.25]
	at org.springframework.web.servlet.mvc.method.annotation.RequestMappingHandlerAdapter.handleInternal(RequestMappingHandlerAdapter.java:808) ~[spring-webmvc-5.3.25.jar:5.3.25]
	at org.springframework.web.servlet.mvc.method.AbstractHandlerMethodAdapter.handle(AbstractHandlerMethodAdapter.java:87) ~[spring-webmvc-5.3.25.jar:5.3.25]
	at org.springframework.web.servlet.DispatcherServlet.doDispatch(DispatcherServlet.java:1071) ~[spring-webmvc-5.3.25.jar:5.3.25]
	at org.springframework.web.servlet.DispatcherServlet.doService(DispatcherServlet.java:964) ~[spring-webmvc-5.3.25.jar:5.3.25]
	at org.springframework.web.servlet.FrameworkServlet.processRequest(FrameworkServlet.java:1006) ~[spring-webmvc-5.3.25.jar:5.3.25]
	at org.springframework.web.servlet.FrameworkServlet.doGet(FrameworkServlet.java:898) ~[spring-webmvc-5.3.25.jar:5.3.25]
	at javax.servlet.http.HttpServlet.service(HttpServlet.java:670) ~[tomcat-embed-core-9.0.71.jar:4.0.FR]
	at org.springframework.web.servlet.FrameworkServlet.service(FrameworkServlet.java:883) ~[spring-webmvc-5.3.25.jar:5.3.25]
	at javax.servlet.http.HttpServlet.service(HttpServlet.java:779) ~[tomcat-embed-core-9.0.71.jar:4.0.FR]
	at org.apache.catalina.core.ApplicationFilterChain.internalDoFilter(ApplicationFilterChain.java:227) ~[tomcat-embed-core-9.0.71.jar:9.0.71]
	at org.apache.catalina.core.ApplicationFilterChain.doFilter(ApplicationFilterChain.java:162) ~[tomcat-embed-core-9.0.71.jar:9.0.71]
	at org.apache.tomcat.websocket.server.WsFilter.doFilter(WsFilter.java:53) ~[tomcat-embed-websocket-9.0.71.jar:9.0.71]
	at org.apache.catalina.core.ApplicationFilterChain.internalDoFilter(ApplicationFilterChain.java:189) ~[tomcat-embed-core-9.0.71.jar:9.0.71]
	at org.apache.catalina.core.ApplicationFilterChain.doFilter(ApplicationFilterChain.java:162) ~[tomcat-embed-core-9.0.71.jar:9.0.71]
	at org.springframework.web.filter.RequestContextFilter.doFilterInternal(RequestContextFilter.java:100) ~[spring-web-5.3.25.jar:5.3.25]
	at org.springframework.web.filter.OncePerRequestFilter.doFilter(OncePerRequestFilter.java:117) ~[spring-web-5.3.25.jar:5.3.25]
	at org.apache.catalina.core.ApplicationFilterChain.internalDoFilter(ApplicationFilterChain.java:189) ~[tomcat-embed-core-9.0.71.jar:9.0.71]
	at org.apache.catalina.core.ApplicationFilterChain.doFilter(ApplicationFilterChain.java:162) ~[tomcat-embed-core-9.0.71.jar:9.0.71]
	at org.springframework.web.filter.FormContentFilter.doFilterInternal(FormContentFilter.java:93) ~[spring-web-5.3.25.jar:5.3.25]
	at org.springframework.web.filter.OncePerRequestFilter.doFilter(OncePerRequestFilter.java:117) ~[spring-web-5.3.25.jar:5.3.25]
	at org.apache.catalina.core.ApplicationFilterChain.internalDoFilter(ApplicationFilterChain.java:189) ~[tomcat-embed-core-9.0.71.jar:9.0.71]
	at org.apache.catalina.core.ApplicationFilterChain.doFilter(ApplicationFilterChain.java:162) ~[tomcat-embed-core-9.0.71.jar:9.0.71]
	at org.springframework.boot.actuate.metrics.web.servlet.WebMvcMetricsFilter.doFilterInternal(WebMvcMetricsFilter.java:96) ~[spring-boot-actuator-2.7.9.jar:2.7.9]
	at org.springframework.web.filter.OncePerRequestFilter.doFilter(OncePerRequestFilter.java:117) ~[spring-web-5.3.25.jar:5.3.25]
	at org.apache.catalina.core.ApplicationFilterChain.internalDoFilter(ApplicationFilterChain.java:189) ~[tomcat-embed-core-9.0.71.jar:9.0.71]
	at org.apache.catalina.core.ApplicationFilterChain.doFilter(ApplicationFilterChain.java:162) ~[tomcat-embed-core-9.0.71.jar:9.0.71]
	at org.springframework.web.filter.CharacterEncodingFilter.doFilterInternal(CharacterEncodingFilter.java:201) ~[spring-web-5.3.25.jar:5.3.25]
	at org.springframework.web.filter.OncePerRequestFilter.doFilter(OncePerRequestFilter.java:117) ~[spring-web-5.3.25.jar:5.3.25]
	at org.apache.catalina.core.ApplicationFilterChain.internalDoFilter(ApplicationFilterChain.java:189) ~[tomcat-embed-core-9.0.71.jar:9.0.71]
	at org.apache.catalina.core.ApplicationFilterChain.doFilter(ApplicationFilterChain.java:162) ~[tomcat-embed-core-9.0.71.jar:9.0.71]
	at org.apache.catalina.core.StandardWrapperValve.invoke(StandardWrapperValve.java:177) ~[tomcat-embed-core-9.0.71.jar:9.0.71]
	at org.apache.catalina.core.StandardContextValve.invoke(StandardContextValve.java:97) ~[tomcat-embed-core-9.0.71.jar:9.0.71]
	at org.apache.catalina.authenticator.AuthenticatorBase.invoke(AuthenticatorBase.java:541) ~[tomcat-embed-core-9.0.71.jar:9.0.71]
	at org.apache.catalina.core.StandardHostValve.invoke(StandardHostValve.java:135) ~[tomcat-embed-core-9.0.71.jar:9.0.71]
	at org.apache.catalina.valves.ErrorReportValve.invoke(ErrorReportValve.java:92) ~[tomcat-embed-core-9.0.71.jar:9.0.71]
	at org.apache.catalina.core.StandardEngineValve.invoke(StandardEngineValve.java:78) ~[tomcat-embed-core-9.0.71.jar:9.0.71]
	at org.apache.catalina.connector.CoyoteAdapter.service(CoyoteAdapter.java:360) ~[tomcat-embed-core-9.0.71.jar:9.0.71]
	at org.apache.coyote.http11.Http11Processor.service(Http11Processor.java:399) ~[tomcat-embed-core-9.0.71.jar:9.0.71]
	at org.apache.coyote.AbstractProcessorLight.process(AbstractProcessorLight.java:65) ~[tomcat-embed-core-9.0.71.jar:9.0.71]
	at org.apache.coyote.AbstractProtocol$ConnectionHandler.process(AbstractProtocol.java:891) ~[tomcat-embed-core-9.0.71.jar:9.0.71]
	at org.apache.tomcat.util.net.NioEndpoint$SocketProcessor.doRun(NioEndpoint.java:1784) ~[tomcat-embed-core-9.0.71.jar:9.0.71]
	at org.apache.tomcat.util.net.SocketProcessorBase.run(SocketProcessorBase.java:49) ~[tomcat-embed-core-9.0.71.jar:9.0.71]
	at org.apache.tomcat.util.threads.ThreadPoolExecutor.runWorker(ThreadPoolExecutor.java:1191) ~[tomcat-embed-core-9.0.71.jar:9.0.71]
	at org.apache.tomcat.util.threads.ThreadPoolExecutor$Worker.run(ThreadPoolExecutor.java:659) ~[tomcat-embed-core-9.0.71.jar:9.0.71]
	at org.apache.tomcat.util.threads.TaskThread$WrappingRunnable.run(TaskThread.java:61) ~[tomcat-embed-core-9.0.71.jar:9.0.71]
	at java.base/java.lang.Thread.run(Thread.java:834) ~[na:na]

2023-03-30 10:54:59.396  INFO 10236 --- [http-nio-8080-exec-8] c.p.s.r.c.ProductRestController          : Finding product by ID1
2023-03-30 10:54:59.462  INFO 10236 --- [http-nio-8080-exec-9] c.p.s.r.c.ProductRestController          : Finding product by ID2
2023-03-30 10:54:59.465 ERROR 10236 --- [http-nio-8080-exec-9] o.a.c.c.C.[.[.[.[dispatcherServlet]      : Servlet.service() for servlet [dispatcherServlet] in context with path [/pratik] threw exception [Request processing failed; nested exception is java.util.NoSuchElementException: No value present] with root cause

java.util.NoSuchElementException: No value present
	at java.base/java.util.Optional.get(Optional.java:148) ~[na:na]
	at com.pratik.springboot.rest.controller.ProductRestController.getProductById(ProductRestController.java:29) ~[classes/:na]
	at java.base/jdk.internal.reflect.NativeMethodAccessorImpl.invoke0(Native Method) ~[na:na]
	at java.base/jdk.internal.reflect.NativeMethodAccessorImpl.invoke(NativeMethodAccessorImpl.java:62) ~[na:na]
	at java.base/jdk.internal.reflect.DelegatingMethodAccessorImpl.invoke(DelegatingMethodAccessorImpl.java:43) ~[na:na]
	at java.base/java.lang.reflect.Method.invoke(Method.java:566) ~[na:na]
	at org.springframework.web.method.support.InvocableHandlerMethod.doInvoke(InvocableHandlerMethod.java:205) ~[spring-web-5.3.25.jar:5.3.25]
	at org.springframework.web.method.support.InvocableHandlerMethod.invokeForRequest(InvocableHandlerMethod.java:150) ~[spring-web-5.3.25.jar:5.3.25]
	at org.springframework.web.servlet.mvc.method.annotation.ServletInvocableHandlerMethod.invokeAndHandle(ServletInvocableHandlerMethod.java:117) ~[spring-webmvc-5.3.25.jar:5.3.25]
	at org.springframework.web.servlet.mvc.method.annotation.RequestMappingHandlerAdapter.invokeHandlerMethod(RequestMappingHandlerAdapter.java:895) ~[spring-webmvc-5.3.25.jar:5.3.25]
	at org.springframework.web.servlet.mvc.method.annotation.RequestMappingHandlerAdapter.handleInternal(RequestMappingHandlerAdapter.java:808) ~[spring-webmvc-5.3.25.jar:5.3.25]
	at org.springframework.web.servlet.mvc.method.AbstractHandlerMethodAdapter.handle(AbstractHandlerMethodAdapter.java:87) ~[spring-webmvc-5.3.25.jar:5.3.25]
	at org.springframework.web.servlet.DispatcherServlet.doDispatch(DispatcherServlet.java:1071) ~[spring-webmvc-5.3.25.jar:5.3.25]
	at org.springframework.web.servlet.DispatcherServlet.doService(DispatcherServlet.java:964) ~[spring-webmvc-5.3.25.jar:5.3.25]
	at org.springframework.web.servlet.FrameworkServlet.processRequest(FrameworkServlet.java:1006) ~[spring-webmvc-5.3.25.jar:5.3.25]
	at org.springframework.web.servlet.FrameworkServlet.doGet(FrameworkServlet.java:898) ~[spring-webmvc-5.3.25.jar:5.3.25]
	at javax.servlet.http.HttpServlet.service(HttpServlet.java:670) ~[tomcat-embed-core-9.0.71.jar:4.0.FR]
	at org.springframework.web.servlet.FrameworkServlet.service(FrameworkServlet.java:883) ~[spring-webmvc-5.3.25.jar:5.3.25]
	at javax.servlet.http.HttpServlet.service(HttpServlet.java:779) ~[tomcat-embed-core-9.0.71.jar:4.0.FR]
	at org.apache.catalina.core.ApplicationFilterChain.internalDoFilter(ApplicationFilterChain.java:227) ~[tomcat-embed-core-9.0.71.jar:9.0.71]
	at org.apache.catalina.core.ApplicationFilterChain.doFilter(ApplicationFilterChain.java:162) ~[tomcat-embed-core-9.0.71.jar:9.0.71]
	at org.apache.tomcat.websocket.server.WsFilter.doFilter(WsFilter.java:53) ~[tomcat-embed-websocket-9.0.71.jar:9.0.71]
	at org.apache.catalina.core.ApplicationFilterChain.internalDoFilter(ApplicationFilterChain.java:189) ~[tomcat-embed-core-9.0.71.jar:9.0.71]
	at org.apache.catalina.core.ApplicationFilterChain.doFilter(ApplicationFilterChain.java:162) ~[tomcat-embed-core-9.0.71.jar:9.0.71]
	at org.springframework.web.filter.RequestContextFilter.doFilterInternal(RequestContextFilter.java:100) ~[spring-web-5.3.25.jar:5.3.25]
	at org.springframework.web.filter.OncePerRequestFilter.doFilter(OncePerRequestFilter.java:117) ~[spring-web-5.3.25.jar:5.3.25]
	at org.apache.catalina.core.ApplicationFilterChain.internalDoFilter(ApplicationFilterChain.java:189) ~[tomcat-embed-core-9.0.71.jar:9.0.71]
	at org.apache.catalina.core.ApplicationFilterChain.doFilter(ApplicationFilterChain.java:162) ~[tomcat-embed-core-9.0.71.jar:9.0.71]
	at org.springframework.web.filter.FormContentFilter.doFilterInternal(FormContentFilter.java:93) ~[spring-web-5.3.25.jar:5.3.25]
	at org.springframework.web.filter.OncePerRequestFilter.doFilter(OncePerRequestFilter.java:117) ~[spring-web-5.3.25.jar:5.3.25]
	at org.apache.catalina.core.ApplicationFilterChain.internalDoFilter(ApplicationFilterChain.java:189) ~[tomcat-embed-core-9.0.71.jar:9.0.71]
	at org.apache.catalina.core.ApplicationFilterChain.doFilter(ApplicationFilterChain.java:162) ~[tomcat-embed-core-9.0.71.jar:9.0.71]
	at org.springframework.boot.actuate.metrics.web.servlet.WebMvcMetricsFilter.doFilterInternal(WebMvcMetricsFilter.java:96) ~[spring-boot-actuator-2.7.9.jar:2.7.9]
	at org.springframework.web.filter.OncePerRequestFilter.doFilter(OncePerRequestFilter.java:117) ~[spring-web-5.3.25.jar:5.3.25]
	at org.apache.catalina.core.ApplicationFilterChain.internalDoFilter(ApplicationFilterChain.java:189) ~[tomcat-embed-core-9.0.71.jar:9.0.71]
	at org.apache.catalina.core.ApplicationFilterChain.doFilter(ApplicationFilterChain.java:162) ~[tomcat-embed-core-9.0.71.jar:9.0.71]
	at org.springframework.web.filter.CharacterEncodingFilter.doFilterInternal(CharacterEncodingFilter.java:201) ~[spring-web-5.3.25.jar:5.3.25]
	at org.springframework.web.filter.OncePerRequestFilter.doFilter(OncePerRequestFilter.java:117) ~[spring-web-5.3.25.jar:5.3.25]
	at org.apache.catalina.core.ApplicationFilterChain.internalDoFilter(ApplicationFilterChain.java:189) ~[tomcat-embed-core-9.0.71.jar:9.0.71]
	at org.apache.catalina.core.ApplicationFilterChain.doFilter(ApplicationFilterChain.java:162) ~[tomcat-embed-core-9.0.71.jar:9.0.71]
	at org.apache.catalina.core.StandardWrapperValve.invoke(StandardWrapperValve.java:177) ~[tomcat-embed-core-9.0.71.jar:9.0.71]
	at org.apache.catalina.core.StandardContextValve.invoke(StandardContextValve.java:97) ~[tomcat-embed-core-9.0.71.jar:9.0.71]
	at org.apache.catalina.authenticator.AuthenticatorBase.invoke(AuthenticatorBase.java:541) ~[tomcat-embed-core-9.0.71.jar:9.0.71]
	at org.apache.catalina.core.StandardHostValve.invoke(StandardHostValve.java:135) ~[tomcat-embed-core-9.0.71.jar:9.0.71]
	at org.apache.catalina.valves.ErrorReportValve.invoke(ErrorReportValve.java:92) ~[tomcat-embed-core-9.0.71.jar:9.0.71]
	at org.apache.catalina.core.StandardEngineValve.invoke(StandardEngineValve.java:78) ~[tomcat-embed-core-9.0.71.jar:9.0.71]
	at org.apache.catalina.connector.CoyoteAdapter.service(CoyoteAdapter.java:360) ~[tomcat-embed-core-9.0.71.jar:9.0.71]
	at org.apache.coyote.http11.Http11Processor.service(Http11Processor.java:399) ~[tomcat-embed-core-9.0.71.jar:9.0.71]
	at org.apache.coyote.AbstractProcessorLight.process(AbstractProcessorLight.java:65) ~[tomcat-embed-core-9.0.71.jar:9.0.71]
	at org.apache.coyote.AbstractProtocol$ConnectionHandler.process(AbstractProtocol.java:891) ~[tomcat-embed-core-9.0.71.jar:9.0.71]
	at org.apache.tomcat.util.net.NioEndpoint$SocketProcessor.doRun(NioEndpoint.java:1784) ~[tomcat-embed-core-9.0.71.jar:9.0.71]
	at org.apache.tomcat.util.net.SocketProcessorBase.run(SocketProcessorBase.java:49) ~[tomcat-embed-core-9.0.71.jar:9.0.71]
	at org.apache.tomcat.util.threads.ThreadPoolExecutor.runWorker(ThreadPoolExecutor.java:1191) ~[tomcat-embed-core-9.0.71.jar:9.0.71]
	at org.apache.tomcat.util.threads.ThreadPoolExecutor$Worker.run(ThreadPoolExecutor.java:659) ~[tomcat-embed-core-9.0.71.jar:9.0.71]
	at org.apache.tomcat.util.threads.TaskThread$WrappingRunnable.run(TaskThread.java:61) ~[tomcat-embed-core-9.0.71.jar:9.0.71]
	at java.base/java.lang.Thread.run(Thread.java:834) ~[na:na]

2023-03-30 10:56:10.262  INFO 10236 --- [SpringApplicationShutdownHook] .SchemaDropperImpl$DelayedDropActionImpl : HHH000477: Starting delayed evictData of schema as part of SessionFactory shut-down'
2023-03-30 10:56:10.268  INFO 10236 --- [SpringApplicationShutdownHook] com.zaxxer.hikari.HikariDataSource       : HikariPool-1 - Shutdown initiated...
2023-03-30 10:56:10.272  INFO 10236 --- [SpringApplicationShutdownHook] com.zaxxer.hikari.HikariDataSource       : HikariPool-1 - Shutdown completed.
2023-03-30 10:56:17.953  INFO 20836 --- [main] c.p.springboot.rest.RestApplication      : Starting RestApplication using Java 11.0.3 on LTIN324482 with PID 20836 (C:\Users\674785\Downloads\SBProfile\RestActuators\target\classes started by 674785 in C:\Users\674785\Downloads\SBProfile\RestActuators)
2023-03-30 10:56:17.957 DEBUG 20836 --- [main] c.p.springboot.rest.RestApplication      : Running with Spring Boot v2.7.9, Spring v5.3.25
2023-03-30 10:56:17.958  INFO 20836 --- [main] c.p.springboot.rest.RestApplication      : No active profile set, falling back to 1 default profile: "default"
2023-03-30 10:56:20.458  INFO 20836 --- [main] o.apache.catalina.core.StandardService   : Starting service [Tomcat]
2023-03-30 10:56:20.459  INFO 20836 --- [main] org.apache.catalina.core.StandardEngine  : Starting Servlet engine: [Apache Tomcat/9.0.71]
2023-03-30 10:56:20.638  INFO 20836 --- [main] o.a.c.c.C.[.[localhost].[/pratik]        : Initializing Spring embedded WebApplicationContext
2023-03-30 10:56:21.103  INFO 20836 --- [main] com.zaxxer.hikari.HikariDataSource       : HikariPool-1 - Starting...
2023-03-30 10:56:21.496  INFO 20836 --- [main] com.zaxxer.hikari.HikariDataSource       : HikariPool-1 - Start completed.
2023-03-30 10:56:21.584  INFO 20836 --- [main] o.hibernate.jpa.internal.util.LogHelper  : HHH000204: Processing PersistenceUnitInfo [name: default]
2023-03-30 10:56:21.679  INFO 20836 --- [main] org.hibernate.Version                    : HHH000412: Hibernate ORM core version 5.6.15.Final
2023-03-30 10:56:22.014  INFO 20836 --- [main] o.hibernate.annotations.common.Version   : HCANN000001: Hibernate Commons Annotations {5.1.2.Final}
2023-03-30 10:56:22.240  INFO 20836 --- [main] org.hibernate.dialect.Dialect            : HHH000400: Using dialect: org.hibernate.dialect.H2Dialect
2023-03-30 10:56:23.253  INFO 20836 --- [main] o.h.e.t.j.p.i.JtaPlatformInitiator       : HHH000490: Using JtaPlatform implementation: [org.hibernate.engine.transaction.jta.platform.internal.NoJtaPlatform]
2023-03-30 10:56:24.570  INFO 20836 --- [main] c.p.springboot.rest.RestApplication      : Started RestApplication in 7.292 seconds (JVM running for 7.897)
2023-03-30 10:56:30.520  INFO 20836 --- [http-nio-8080-exec-1] o.a.c.c.C.[.[localhost].[/pratik]        : Initializing Spring DispatcherServlet 'dispatcherServlet'
2023-03-30 10:57:47.134  INFO 20836 --- [SpringApplicationShutdownHook] .SchemaDropperImpl$DelayedDropActionImpl : HHH000477: Starting delayed evictData of schema as part of SessionFactory shut-down'
2023-03-30 10:57:47.142  INFO 20836 --- [SpringApplicationShutdownHook] com.zaxxer.hikari.HikariDataSource       : HikariPool-1 - Shutdown initiated...
2023-03-30 10:57:47.148  INFO 20836 --- [SpringApplicationShutdownHook] com.zaxxer.hikari.HikariDataSource       : HikariPool-1 - Shutdown completed.
2023-03-30 10:58:07.267  INFO 1744 --- [main] c.p.springboot.rest.RestApplication      : Starting RestApplication using Java 11.0.3 on LTIN324482 with PID 1744 (C:\Users\674785\Downloads\SBProfile\RestActuators\target\classes started by 674785 in C:\Users\674785\Downloads\SBProfile\RestActuators)
2023-03-30 10:58:07.271 DEBUG 1744 --- [main] c.p.springboot.rest.RestApplication      : Running with Spring Boot v2.7.9, Spring v5.3.25
2023-03-30 10:58:07.274  INFO 1744 --- [main] c.p.springboot.rest.RestApplication      : No active profile set, falling back to 1 default profile: "default"
2023-03-30 10:58:09.716  INFO 1744 --- [main] o.apache.catalina.core.StandardService   : Starting service [Tomcat]
2023-03-30 10:58:09.717  INFO 1744 --- [main] org.apache.catalina.core.StandardEngine  : Starting Servlet engine: [Apache Tomcat/9.0.71]
2023-03-30 10:58:09.886  INFO 1744 --- [main] o.a.c.c.C.[.[localhost].[/pratik]        : Initializing Spring embedded WebApplicationContext
2023-03-30 10:58:10.347  INFO 1744 --- [main] com.zaxxer.hikari.HikariDataSource       : HikariPool-1 - Starting...
2023-03-30 10:58:10.763  INFO 1744 --- [main] com.zaxxer.hikari.HikariDataSource       : HikariPool-1 - Start completed.
2023-03-30 10:58:10.844  INFO 1744 --- [main] o.hibernate.jpa.internal.util.LogHelper  : HHH000204: Processing PersistenceUnitInfo [name: default]
2023-03-30 10:58:10.930  INFO 1744 --- [main] org.hibernate.Version                    : HHH000412: Hibernate ORM core version 5.6.15.Final
2023-03-30 10:58:11.185  INFO 1744 --- [main] o.hibernate.annotations.common.Version   : HCANN000001: Hibernate Commons Annotations {5.1.2.Final}
2023-03-30 10:58:11.422  INFO 1744 --- [main] org.hibernate.dialect.Dialect            : HHH000400: Using dialect: org.hibernate.dialect.H2Dialect
2023-03-30 10:58:12.329  INFO 1744 --- [main] o.h.e.t.j.p.i.JtaPlatformInitiator       : HHH000490: Using JtaPlatform implementation: [org.hibernate.engine.transaction.jta.platform.internal.NoJtaPlatform]
2023-03-30 10:58:13.680  INFO 1744 --- [main] c.p.springboot.rest.RestApplication      : Started RestApplication in 7.025 seconds (JVM running for 7.75)
2023-03-30 11:00:36.771  INFO 1744 --- [http-nio-8080-exec-1] o.a.c.c.C.[.[localhost].[/pratik]        : Initializing Spring DispatcherServlet 'dispatcherServlet'
2023-03-30 12:41:40.717  INFO 1744 --- [SpringApplicationShutdownHook] .SchemaDropperImpl$DelayedDropActionImpl : HHH000477: Starting delayed evictData of schema as part of SessionFactory shut-down'
2023-03-30 12:41:40.740  INFO 1744 --- [SpringApplicationShutdownHook] com.zaxxer.hikari.HikariDataSource       : HikariPool-1 - Shutdown initiated...
2023-03-30 12:41:40.747  INFO 1744 --- [SpringApplicationShutdownHook] com.zaxxer.hikari.HikariDataSource       : HikariPool-1 - Shutdown completed.
2023-03-30 12:41:47.213  INFO 28436 --- [main] c.p.springboot.rest.RestApplication      : Starting RestApplication using Java 11.0.3 on LTIN324482 with PID 28436 (C:\Users\674785\Downloads\SBProfile\RestActuators\target\classes started by 674785 in C:\Users\674785\Downloads\SBProfile\RestActuators)
2023-03-30 12:41:47.216 DEBUG 28436 --- [main] c.p.springboot.rest.RestApplication      : Running with Spring Boot v2.7.9, Spring v5.3.25
2023-03-30 12:41:47.217  INFO 28436 --- [main] c.p.springboot.rest.RestApplication      : No active profile set, falling back to 1 default profile: "default"
2023-03-30 12:41:49.865  INFO 28436 --- [main] o.apache.catalina.core.StandardService   : Starting service [Tomcat]
2023-03-30 12:41:49.866  INFO 28436 --- [main] org.apache.catalina.core.StandardEngine  : Starting Servlet engine: [Apache Tomcat/9.0.71]
2023-03-30 12:41:50.047  INFO 28436 --- [main] o.a.c.c.C.[.[localhost].[/pratik]        : Initializing Spring embedded WebApplicationContext
2023-03-30 12:41:50.487  INFO 28436 --- [main] com.zaxxer.hikari.HikariDataSource       : HikariPool-1 - Starting...
2023-03-30 12:41:50.841  INFO 28436 --- [main] com.zaxxer.hikari.HikariDataSource       : HikariPool-1 - Start completed.
2023-03-30 12:41:50.925  INFO 28436 --- [main] o.hibernate.jpa.internal.util.LogHelper  : HHH000204: Processing PersistenceUnitInfo [name: default]
2023-03-30 12:41:50.996  INFO 28436 --- [main] org.hibernate.Version                    : HHH000412: Hibernate ORM core version 5.6.15.Final
2023-03-30 12:41:51.312  INFO 28436 --- [main] o.hibernate.annotations.common.Version   : HCANN000001: Hibernate Commons Annotations {5.1.2.Final}
2023-03-30 12:41:51.547  INFO 28436 --- [main] org.hibernate.dialect.Dialect            : HHH000400: Using dialect: org.hibernate.dialect.H2Dialect
2023-03-30 12:41:52.439  INFO 28436 --- [main] o.h.e.t.j.p.i.JtaPlatformInitiator       : HHH000490: Using JtaPlatform implementation: [org.hibernate.engine.transaction.jta.platform.internal.NoJtaPlatform]
2023-03-30 12:41:53.787  INFO 28436 --- [main] c.p.springboot.rest.RestApplication      : Started RestApplication in 7.206 seconds (JVM running for 7.918)
2023-03-30 12:42:08.043  INFO 28436 --- [http-nio-8080-exec-2] o.a.c.c.C.[.[localhost].[/pratik]        : Initializing Spring DispatcherServlet 'dispatcherServlet'
2023-03-30 12:49:51.521  INFO 28436 --- [SpringApplicationShutdownHook] .SchemaDropperImpl$DelayedDropActionImpl : HHH000477: Starting delayed evictData of schema as part of SessionFactory shut-down'
2023-03-30 12:49:51.528  INFO 28436 --- [SpringApplicationShutdownHook] com.zaxxer.hikari.HikariDataSource       : HikariPool-1 - Shutdown initiated...
2023-03-30 12:49:51.531  INFO 28436 --- [SpringApplicationShutdownHook] com.zaxxer.hikari.HikariDataSource       : HikariPool-1 - Shutdown completed.
2023-03-30 14:52:46.796  INFO 11728 --- [main] c.p.springboot.rest.RestApplication      : Starting RestApplication using Java 11.0.3 on LTIN324482 with PID 11728 (C:\Users\674785\Downloads\SBProfile\RestSecurity\target\classes started by 674785 in C:\Users\674785\Downloads\SBProfile\RestSecurity)
2023-03-30 14:52:46.802 DEBUG 11728 --- [main] c.p.springboot.rest.RestApplication      : Running with Spring Boot v2.7.9, Spring v5.3.25
2023-03-30 14:52:46.804  INFO 11728 --- [main] c.p.springboot.rest.RestApplication      : No active profile set, falling back to 1 default profile: "default"
2023-03-30 14:52:49.609  INFO 11728 --- [main] o.apache.catalina.core.StandardService   : Starting service [Tomcat]
2023-03-30 14:52:49.610  INFO 11728 --- [main] org.apache.catalina.core.StandardEngine  : Starting Servlet engine: [Apache Tomcat/9.0.71]
2023-03-30 14:52:49.780  INFO 11728 --- [main] o.a.c.c.C.[.[localhost].[/pratik]        : Initializing Spring embedded WebApplicationContext
2023-03-30 14:52:50.300  INFO 11728 --- [main] com.zaxxer.hikari.HikariDataSource       : HikariPool-1 - Starting...
2023-03-30 14:52:50.666  INFO 11728 --- [main] com.zaxxer.hikari.HikariDataSource       : HikariPool-1 - Start completed.
2023-03-30 14:52:50.742  INFO 11728 --- [main] o.hibernate.jpa.internal.util.LogHelper  : HHH000204: Processing PersistenceUnitInfo [name: default]
2023-03-30 14:52:50.895  INFO 11728 --- [main] org.hibernate.Version                    : HHH000412: Hibernate ORM core version 5.6.15.Final
2023-03-30 14:52:51.166  INFO 11728 --- [main] o.hibernate.annotations.common.Version   : HCANN000001: Hibernate Commons Annotations {5.1.2.Final}
2023-03-30 14:52:51.391  INFO 11728 --- [main] org.hibernate.dialect.Dialect            : HHH000400: Using dialect: org.hibernate.dialect.H2Dialect
2023-03-30 14:52:52.331  INFO 11728 --- [main] o.h.e.t.j.p.i.JtaPlatformInitiator       : HHH000490: Using JtaPlatform implementation: [org.hibernate.engine.transaction.jta.platform.internal.NoJtaPlatform]
2023-03-30 14:52:53.957  INFO 11728 --- [main] c.p.springboot.rest.RestApplication      : Started RestApplication in 7.878 seconds (JVM running for 8.931)
2023-03-30 14:53:09.946  INFO 11728 --- [http-nio-8080-exec-1] o.a.c.c.C.[.[localhost].[/pratik]        : Initializing Spring DispatcherServlet 'dispatcherServlet'
2023-03-30 14:53:10.341  WARN 11728 --- [http-nio-8080-exec-1] o.a.c.util.SessionIdGeneratorBase        : Creation of SecureRandom instance for session ID generation using [SHA1PRNG] took [273] milliseconds.
2023-03-30 14:54:45.310  INFO 11728 --- [SpringApplicationShutdownHook] .SchemaDropperImpl$DelayedDropActionImpl : HHH000477: Starting delayed evictData of schema as part of SessionFactory shut-down'
2023-03-30 14:54:45.326  INFO 11728 --- [SpringApplicationShutdownHook] com.zaxxer.hikari.HikariDataSource       : HikariPool-1 - Shutdown initiated...
2023-03-30 14:54:45.342  INFO 11728 --- [SpringApplicationShutdownHook] com.zaxxer.hikari.HikariDataSource       : HikariPool-1 - Shutdown completed.
2023-03-30 14:55:41.407  INFO 26752 --- [main] c.p.springboot.rest.RestApplication      : Starting RestApplication using Java 11.0.3 on LTIN324482 with PID 26752 (C:\Users\674785\Downloads\SBProfile\RestSecurity\target\classes started by 674785 in C:\Users\674785\Downloads\SBProfile\RestSecurity)
2023-03-30 14:55:41.415 DEBUG 26752 --- [main] c.p.springboot.rest.RestApplication      : Running with Spring Boot v2.7.9, Spring v5.3.25
2023-03-30 14:55:41.417  INFO 26752 --- [main] c.p.springboot.rest.RestApplication      : No active profile set, falling back to 1 default profile: "default"
2023-03-30 14:55:44.273  INFO 26752 --- [main] o.apache.catalina.core.StandardService   : Starting service [Tomcat]
2023-03-30 14:55:44.274  INFO 26752 --- [main] org.apache.catalina.core.StandardEngine  : Starting Servlet engine: [Apache Tomcat/9.0.71]
2023-03-30 14:55:44.465  INFO 26752 --- [main] o.a.c.c.C.[.[localhost].[/pratik]        : Initializing Spring embedded WebApplicationContext
2023-03-30 14:55:44.949  INFO 26752 --- [main] com.zaxxer.hikari.HikariDataSource       : HikariPool-1 - Starting...
2023-03-30 14:55:45.375  INFO 26752 --- [main] com.zaxxer.hikari.HikariDataSource       : HikariPool-1 - Start completed.
2023-03-30 14:55:45.450  INFO 26752 --- [main] o.hibernate.jpa.internal.util.LogHelper  : HHH000204: Processing PersistenceUnitInfo [name: default]
2023-03-30 14:55:45.549  INFO 26752 --- [main] org.hibernate.Version                    : HHH000412: Hibernate ORM core version 5.6.15.Final
2023-03-30 14:55:45.838  INFO 26752 --- [main] o.hibernate.annotations.common.Version   : HCANN000001: Hibernate Commons Annotations {5.1.2.Final}
2023-03-30 14:55:46.081  INFO 26752 --- [main] org.hibernate.dialect.Dialect            : HHH000400: Using dialect: org.hibernate.dialect.H2Dialect
2023-03-30 14:55:47.026  INFO 26752 --- [main] o.h.e.t.j.p.i.JtaPlatformInitiator       : HHH000490: Using JtaPlatform implementation: [org.hibernate.engine.transaction.jta.platform.internal.NoJtaPlatform]
2023-03-30 14:55:48.713  INFO 26752 --- [main] c.p.springboot.rest.RestApplication      : Started RestApplication in 7.996 seconds (JVM running for 8.604)
2023-03-30 14:56:07.741  INFO 26752 --- [http-nio-8080-exec-1] o.a.c.c.C.[.[localhost].[/pratik]        : Initializing Spring DispatcherServlet 'dispatcherServlet'
2023-03-30 14:56:08.061  WARN 26752 --- [http-nio-8080-exec-1] o.a.c.util.SessionIdGeneratorBase        : Creation of SecureRandom instance for session ID generation using [SHA1PRNG] took [260] milliseconds.
2023-03-30 15:06:37.406  INFO 26752 --- [SpringApplicationShutdownHook] .SchemaDropperImpl$DelayedDropActionImpl : HHH000477: Starting delayed evictData of schema as part of SessionFactory shut-down'
2023-03-30 15:06:37.423  INFO 26752 --- [SpringApplicationShutdownHook] com.zaxxer.hikari.HikariDataSource       : HikariPool-1 - Shutdown initiated...
2023-03-30 15:06:37.432  INFO 26752 --- [SpringApplicationShutdownHook] com.zaxxer.hikari.HikariDataSource       : HikariPool-1 - Shutdown completed.
2023-03-30 15:06:47.588  INFO 13004 --- [main] c.p.springboot.rest.RestApplication      : Starting RestApplication using Java 11.0.3 on LTIN324482 with PID 13004 (C:\Users\674785\Downloads\SBProfile\RestSecurity\target\classes started by 674785 in C:\Users\674785\Downloads\SBProfile\RestSecurity)
2023-03-30 15:06:47.593 DEBUG 13004 --- [main] c.p.springboot.rest.RestApplication      : Running with Spring Boot v2.7.9, Spring v5.3.25
2023-03-30 15:06:47.594  INFO 13004 --- [main] c.p.springboot.rest.RestApplication      : No active profile set, falling back to 1 default profile: "default"
2023-03-30 15:06:50.267  INFO 13004 --- [main] o.apache.catalina.core.StandardService   : Starting service [Tomcat]
2023-03-30 15:06:50.267  INFO 13004 --- [main] org.apache.catalina.core.StandardEngine  : Starting Servlet engine: [Apache Tomcat/9.0.71]
2023-03-30 15:06:50.427  INFO 13004 --- [main] o.a.c.c.C.[.[localhost].[/pratik]        : Initializing Spring embedded WebApplicationContext
2023-03-30 15:06:50.927  INFO 13004 --- [main] com.zaxxer.hikari.HikariDataSource       : HikariPool-1 - Starting...
2023-03-30 15:06:51.279  INFO 13004 --- [main] com.zaxxer.hikari.HikariDataSource       : HikariPool-1 - Start completed.
2023-03-30 15:06:51.354  INFO 13004 --- [main] o.hibernate.jpa.internal.util.LogHelper  : HHH000204: Processing PersistenceUnitInfo [name: default]
2023-03-30 15:06:51.433  INFO 13004 --- [main] org.hibernate.Version                    : HHH000412: Hibernate ORM core version 5.6.15.Final
2023-03-30 15:06:51.693  INFO 13004 --- [main] o.hibernate.annotations.common.Version   : HCANN000001: Hibernate Commons Annotations {5.1.2.Final}
2023-03-30 15:06:51.918  INFO 13004 --- [main] org.hibernate.dialect.Dialect            : HHH000400: Using dialect: org.hibernate.dialect.H2Dialect
2023-03-30 15:06:52.921  INFO 13004 --- [main] o.h.e.t.j.p.i.JtaPlatformInitiator       : HHH000490: Using JtaPlatform implementation: [org.hibernate.engine.transaction.jta.platform.internal.NoJtaPlatform]
2023-03-30 15:06:54.382  INFO 13004 --- [main] c.p.springboot.rest.RestApplication      : Started RestApplication in 7.454 seconds (JVM running for 8.183)
2023-03-30 15:08:23.492  INFO 13004 --- [SpringApplicationShutdownHook] .SchemaDropperImpl$DelayedDropActionImpl : HHH000477: Starting delayed evictData of schema as part of SessionFactory shut-down'
2023-03-30 15:08:23.505  INFO 13004 --- [SpringApplicationShutdownHook] com.zaxxer.hikari.HikariDataSource       : HikariPool-1 - Shutdown initiated...
2023-03-30 15:08:23.511  INFO 13004 --- [SpringApplicationShutdownHook] com.zaxxer.hikari.HikariDataSource       : HikariPool-1 - Shutdown completed.
2023-03-30 15:09:53.209  INFO 26516 --- [main] c.p.springboot.rest.RestApplication      : Starting RestApplication v0.0.1-SNAPSHOT using Java 11.0.3 on LTIN324482 with PID 26516 (C:\Users\674785\Downloads\SBProfile\RestSecurity\target\rest-0.0.1-SNAPSHOT.jar started by 674785 in C:\Users\674785\Downloads\SBProfile\RestSecurity)
2023-03-30 15:09:53.215 DEBUG 26516 --- [main] c.p.springboot.rest.RestApplication      : Running with Spring Boot v2.7.9, Spring v5.3.25
2023-03-30 15:09:53.216  INFO 26516 --- [main] c.p.springboot.rest.RestApplication      : No active profile set, falling back to 1 default profile: "default"
2023-03-30 15:09:55.943  INFO 26516 --- [main] o.apache.catalina.core.StandardService   : Starting service [Tomcat]
2023-03-30 15:09:55.944  INFO 26516 --- [main] org.apache.catalina.core.StandardEngine  : Starting Servlet engine: [Apache Tomcat/9.0.71]
2023-03-30 15:09:56.033  INFO 26516 --- [main] o.a.c.c.C.[.[localhost].[/pratik]        : Initializing Spring embedded WebApplicationContext
2023-03-30 15:09:56.480  INFO 26516 --- [main] com.zaxxer.hikari.HikariDataSource       : HikariPool-1 - Starting...
2023-03-30 15:09:56.898  INFO 26516 --- [main] com.zaxxer.hikari.HikariDataSource       : HikariPool-1 - Start completed.
2023-03-30 15:09:56.983  INFO 26516 --- [main] o.hibernate.jpa.internal.util.LogHelper  : HHH000204: Processing PersistenceUnitInfo [name: default]
2023-03-30 15:09:57.066  INFO 26516 --- [main] org.hibernate.Version                    : HHH000412: Hibernate ORM core version 5.6.15.Final
2023-03-30 15:09:57.378  INFO 26516 --- [main] o.hibernate.annotations.common.Version   : HCANN000001: Hibernate Commons Annotations {5.1.2.Final}
2023-03-30 15:09:57.588  INFO 26516 --- [main] org.hibernate.dialect.Dialect            : HHH000400: Using dialect: org.hibernate.dialect.H2Dialect
2023-03-30 15:09:58.411  INFO 26516 --- [main] o.h.e.t.j.p.i.JtaPlatformInitiator       : HHH000490: Using JtaPlatform implementation: [org.hibernate.engine.transaction.jta.platform.internal.NoJtaPlatform]
2023-03-30 15:10:00.116  INFO 26516 --- [main] c.p.springboot.rest.RestApplication      : Started RestApplication in 7.716 seconds (JVM running for 8.523)
2023-03-30 15:10:08.384  INFO 26516 --- [http-nio-8080-exec-1] o.a.c.c.C.[.[localhost].[/pratik]        : Initializing Spring DispatcherServlet 'dispatcherServlet'
2023-03-30 15:10:08.663  WARN 26516 --- [http-nio-8080-exec-1] o.a.c.util.SessionIdGeneratorBase        : Creation of SecureRandom instance for session ID generation using [SHA1PRNG] took [221] milliseconds.
2023-03-30 15:12:20.567  INFO 26516 --- [SpringApplicationShutdownHook] .SchemaDropperImpl$DelayedDropActionImpl : HHH000477: Starting delayed evictData of schema as part of SessionFactory shut-down'
2023-03-30 15:12:20.582  INFO 26516 --- [SpringApplicationShutdownHook] com.zaxxer.hikari.HikariDataSource       : HikariPool-1 - Shutdown initiated...
2023-03-30 15:12:20.590  INFO 26516 --- [SpringApplicationShutdownHook] com.zaxxer.hikari.HikariDataSource       : HikariPool-1 - Shutdown completed.
2023-03-30 15:12:43.573  INFO 25096 --- [main] c.p.springboot.rest.RestApplication      : Starting RestApplication using Java 11.0.3 on LTIN324482 with PID 25096 (C:\Users\674785\Downloads\SBProfile\RestSecurity\target\classes started by 674785 in C:\Users\674785\Downloads\SBProfile\RestSecurity)
2023-03-30 15:12:43.579 DEBUG 25096 --- [main] c.p.springboot.rest.RestApplication      : Running with Spring Boot v2.7.9, Spring v5.3.25
2023-03-30 15:12:43.581  INFO 25096 --- [main] c.p.springboot.rest.RestApplication      : No active profile set, falling back to 1 default profile: "default"
2023-03-30 15:12:46.319  INFO 25096 --- [main] o.apache.catalina.core.StandardService   : Starting service [Tomcat]
2023-03-30 15:12:46.319  INFO 25096 --- [main] org.apache.catalina.core.StandardEngine  : Starting Servlet engine: [Apache Tomcat/9.0.71]
2023-03-30 15:12:46.505  INFO 25096 --- [main] o.a.c.c.C.[.[localhost].[/pratik]        : Initializing Spring embedded WebApplicationContext
2023-03-30 15:12:46.978  INFO 25096 --- [main] com.zaxxer.hikari.HikariDataSource       : HikariPool-1 - Starting...
2023-03-30 15:12:47.378  INFO 25096 --- [main] com.zaxxer.hikari.HikariDataSource       : HikariPool-1 - Start completed.
2023-03-30 15:12:47.460  INFO 25096 --- [main] o.hibernate.jpa.internal.util.LogHelper  : HHH000204: Processing PersistenceUnitInfo [name: default]
2023-03-30 15:12:47.551  INFO 25096 --- [main] org.hibernate.Version                    : HHH000412: Hibernate ORM core version 5.6.15.Final
2023-03-30 15:12:47.835  INFO 25096 --- [main] o.hibernate.annotations.common.Version   : HCANN000001: Hibernate Commons Annotations {5.1.2.Final}
2023-03-30 15:12:48.060  INFO 25096 --- [main] org.hibernate.dialect.Dialect            : HHH000400: Using dialect: org.hibernate.dialect.H2Dialect
2023-03-30 15:12:49.057  INFO 25096 --- [main] o.h.e.t.j.p.i.JtaPlatformInitiator       : HHH000490: Using JtaPlatform implementation: [org.hibernate.engine.transaction.jta.platform.internal.NoJtaPlatform]
2023-03-30 15:12:50.596  INFO 25096 --- [main] c.p.springboot.rest.RestApplication      : Started RestApplication in 7.751 seconds (JVM running for 8.402)
2023-03-30 15:13:03.944  INFO 25096 --- [http-nio-8080-exec-1] o.a.c.c.C.[.[localhost].[/pratik]        : Initializing Spring DispatcherServlet 'dispatcherServlet'
2023-03-30 15:13:04.292  WARN 25096 --- [http-nio-8080-exec-1] o.a.c.util.SessionIdGeneratorBase        : Creation of SecureRandom instance for session ID generation using [SHA1PRNG] took [234] milliseconds.
2023-03-30 15:45:40.249  INFO 25096 --- [SpringApplicationShutdownHook] .SchemaDropperImpl$DelayedDropActionImpl : HHH000477: Starting delayed evictData of schema as part of SessionFactory shut-down'
2023-03-30 15:45:40.260  INFO 25096 --- [SpringApplicationShutdownHook] com.zaxxer.hikari.HikariDataSource       : HikariPool-1 - Shutdown initiated...
2023-03-30 15:45:40.265  INFO 25096 --- [SpringApplicationShutdownHook] com.zaxxer.hikari.HikariDataSource       : HikariPool-1 - Shutdown completed.
